2023-09-30T18:13:29.357Z [INFO]: Server running at port 3000
2023-09-30T18:13:32.548Z [INFO]: Connected to the database
2023-09-30T18:13:40.000Z [INFO]: Server running at port 3000
2023-09-30T18:13:41.780Z [INFO]: Server running at port 3000
2023-09-30T18:13:44.685Z [INFO]: Connected to the database
2023-09-30T18:13:46.426Z [INFO]: Server running at port 3000
2023-09-30T18:13:48.763Z [INFO]: Server running at port 3000
2023-09-30T18:13:49.747Z [INFO]: Server running at port 3000
2023-09-30T18:13:53.029Z [INFO]: Connected to the database
2023-09-30T18:13:55.045Z [INFO]: Incoming POST request to /api/v1/auth/register
2023-09-30T18:13:55.398Z [ERROR]: An error occurred while creating the user E11000 duplicate key error collection: stealthDb.sellers index: phone_1 dup key: { phone: "9331111321" }
2023-09-30T18:13:55.399Z [ERROR]: Error: An error occurred while creating the user E11000 duplicate key error collection: stealthDb.sellers index: phone_1 dup key: { phone: "9331111321" }
2023-09-30T18:13:55.403Z [INFO]: Request to /api/v1/auth/register took 358.71899999678135ms
2023-09-30T18:14:02.936Z [INFO]: Incoming POST request to /api/v1/auth/register
2023-09-30T18:14:03.375Z [INFO]: User created successfully
2023-09-30T18:14:03.377Z [INFO]: Request to /api/v1/auth/register took 440.98960000276566ms
2023-09-30T18:16:12.253Z [INFO]: Server running at port 3000
2023-09-30T18:16:15.775Z [INFO]: Connected to the database
2023-09-30T18:16:16.834Z [INFO]: Incoming POST request to /api/v1/auth/register
2023-09-30T18:16:19.051Z [ERROR]: An error occurred while creating the user E11000 duplicate key error collection: stealthDb.sellers index: phone_1 dup key: { phone: "9311111321" }
2023-09-30T18:16:19.052Z [ERROR]: Error: An error occurred while creating the user E11000 duplicate key error collection: stealthDb.sellers index: phone_1 dup key: { phone: "9311111321" }
2023-09-30T18:16:19.056Z [INFO]: Request to /api/v1/auth/register took 2222.5528999865055ms
2023-09-30T18:16:24.625Z [INFO]: Incoming POST request to /api/v1/auth/register
2023-09-30T18:16:25.009Z [INFO]: User created successfully
2023-09-30T18:16:25.011Z [INFO]: Request to /api/v1/auth/register took 385.42170000076294ms
2023-10-01T06:52:10.216Z [INFO]: Server running at port 3000
2023-10-01T06:52:13.508Z [INFO]: Connected to the database
2023-10-01T06:52:22.196Z [INFO]: Incoming POST request to /api/v1/auth/register
2023-10-01T06:52:22.568Z [INFO]: User created successfully
2023-10-01T06:52:22.577Z [INFO]: Request to /api/v1/auth/register took 381.13749998807907ms
2023-10-01T06:58:50.351Z [INFO]: Server running at port 3000
2023-10-01T06:58:53.282Z [INFO]: Connected to the database
2023-10-01T06:58:57.341Z [INFO]: Incoming POST request to /api/v1/auth/register
2023-10-01T06:58:57.710Z [INFO]: User created successfully
2023-10-01T06:58:57.723Z [INFO]: Request to /api/v1/auth/register took 382.3332000076771ms
2023-10-01T06:59:33.342Z [INFO]: Server running at port 3000
2023-10-01T06:59:36.134Z [INFO]: Connected to the database
2023-10-01T06:59:52.840Z [INFO]: Server running at port 3000
2023-10-01T06:59:55.758Z [INFO]: Connected to the database
2023-10-01T07:00:02.435Z [INFO]: Incoming POST request to /api/v1/auth/register
2023-10-01T07:00:03.049Z [INFO]: User created successfully
2023-10-01T07:00:13.375Z [INFO]: Server running at port 3000
2023-10-01T07:00:16.269Z [INFO]: Connected to the database
2023-10-01T07:00:17.858Z [INFO]: Incoming POST request to /api/v1/auth/register
2023-10-01T07:00:18.209Z [INFO]: User created successfully
2023-10-01T07:00:18.213Z [INFO]: Request to /api/v1/auth/register took 355.5372000038624ms
2023-10-01T07:01:00.495Z [INFO]: Server running at port 3000
2023-10-01T07:01:03.562Z [INFO]: Connected to the database
2023-10-01T07:01:05.673Z [INFO]: Server running at port 3000
2023-10-01T07:01:08.349Z [INFO]: Connected to the database
2023-10-01T07:01:12.760Z [INFO]: Server running at port 3000
2023-10-01T07:01:16.502Z [INFO]: Connected to the database
2023-10-01T07:01:24.860Z [INFO]: Incoming POST request to /api/v1/auth/register
2023-10-01T07:01:25.217Z [INFO]: User created successfully
2023-10-01T07:01:25.223Z [INFO]: Request to /api/v1/auth/register took 362.78470000624657ms
2023-10-01T07:01:59.894Z [INFO]: Server running at port 3000
2023-10-01T07:02:02.958Z [INFO]: Server running at port 3000
2023-10-01T07:02:04.473Z [INFO]: Server running at port 3000
2023-10-01T07:02:07.173Z [INFO]: Connected to the database
2023-10-01T07:02:09.904Z [INFO]: Incoming POST request to /api/v1/auth/register
2023-10-01T07:02:10.272Z [INFO]: User created successfully
2023-10-01T07:02:10.276Z [INFO]: Request to /api/v1/auth/register took 372.7239000201225ms
2023-10-01T07:02:39.607Z [INFO]: Server running at port 3000
2023-10-01T07:02:42.354Z [INFO]: Connected to the database
2023-10-01T07:02:53.806Z [INFO]: Server running at port 3000
2023-10-01T07:02:56.580Z [INFO]: Connected to the database
2023-10-01T07:03:04.666Z [INFO]: Incoming POST request to /api/v1/auth/register
2023-10-01T07:03:05.020Z [INFO]: User created successfully
2023-10-01T07:03:05.024Z [INFO]: Request to /api/v1/auth/register took 358.9239999949932ms
2023-10-01T07:03:41.019Z [INFO]: Server running at port 3000
2023-10-01T07:03:42.396Z [INFO]: Server running at port 3000
2023-10-01T07:03:46.002Z [INFO]: Server running at port 3000
2023-10-01T07:03:48.749Z [INFO]: Connected to the database
2023-10-01T07:03:51.229Z [INFO]: Incoming POST request to /api/v1/auth/register
2023-10-01T07:03:51.573Z [ERROR]: An error occurred while creating the user E11000 duplicate key error collection: stealthDb.sellers index: phone_1 dup key: { phone: "1211111121" }
2023-10-01T07:03:51.574Z [ERROR]: Error: An error occurred while creating the user E11000 duplicate key error collection: stealthDb.sellers index: phone_1 dup key: { phone: "1211111121" }
2023-10-01T07:03:51.580Z [INFO]: Request to /api/v1/auth/register took 348.88209998607635ms
2023-10-01T07:03:57.366Z [INFO]: Incoming POST request to /api/v1/auth/register
2023-10-01T07:03:57.700Z [INFO]: User created successfully
2023-10-01T07:03:57.701Z [INFO]: Request to /api/v1/auth/register took 335.7445999979973ms
2023-10-01T07:05:38.949Z [INFO]: Server running at port 3000
2023-10-01T07:05:40.542Z [INFO]: Server running at port 3000
2023-10-01T07:05:43.322Z [INFO]: Connected to the database
2023-10-01T07:05:44.381Z [INFO]: Server running at port 3000
2023-10-01T07:05:48.176Z [INFO]: Server running at port 3000
2023-10-01T07:05:50.665Z [INFO]: Server running at port 3000
2023-10-01T07:05:53.635Z [INFO]: Connected to the database
2023-10-01T07:06:02.050Z [INFO]: Server running at port 3000
2023-10-01T07:06:05.078Z [INFO]: Connected to the database
2023-10-01T07:06:22.367Z [INFO]: Server running at port 3000
2023-10-01T07:06:25.286Z [INFO]: Connected to the database
2023-10-01T07:06:40.943Z [INFO]: Server running at port 3000
2023-10-01T07:06:43.886Z [INFO]: Connected to the database
2023-10-01T07:06:51.274Z [INFO]: Incoming POST request to /api/v1/auth/register
2023-10-01T07:06:51.636Z [ERROR]: An error occurred while creating the user E11000 duplicate key error collection: stealthDb.sellers index: phone_1 dup key: { phone: "1211113121" }
2023-10-01T07:06:51.637Z [ERROR]: Error: An error occurred while creating the user E11000 duplicate key error collection: stealthDb.sellers index: phone_1 dup key: { phone: "1211113121" }
2023-10-01T07:06:51.641Z [INFO]: Request to /api/v1/auth/register took 367.0929000079632ms
2023-10-01T07:06:58.331Z [INFO]: Incoming POST request to /api/v1/auth/register
2023-10-01T07:06:58.678Z [INFO]: User created successfully
2023-10-01T07:06:58.680Z [INFO]: Request to /api/v1/auth/register took 349.33569997549057ms
2023-10-01T07:14:37.636Z [INFO]: Server running at port 3000
2023-10-01T07:14:39.006Z [INFO]: Server running at port 3000
2023-10-01T07:14:42.082Z [INFO]: Server running at port 3000
2023-10-01T07:14:45.166Z [INFO]: Connected to the database
2023-10-01T07:15:20.939Z [INFO]: Server running at port 3000
2023-10-01T07:15:24.830Z [INFO]: Connected to the database
2023-10-01T07:15:26.175Z [INFO]: Server running at port 3000
2023-10-01T07:15:29.057Z [INFO]: Connected to the database
2023-10-01T07:15:30.375Z [INFO]: Server running at port 3000
2023-10-01T07:15:33.128Z [INFO]: Connected to the database
2023-10-01T07:15:57.837Z [INFO]: Incoming POST request to /api/v1/auth/register
2023-10-01T07:15:58.297Z [INFO]: User created successfully
2023-10-01T07:15:58.332Z [INFO]: Request to /api/v1/auth/register took 494.455000013113ms
2023-10-01T07:16:27.936Z [INFO]: Server running at port 3000
2023-10-01T07:16:30.790Z [INFO]: Connected to the database
2023-10-01T07:16:35.650Z [INFO]: Server running at port 3000
2023-10-01T07:16:38.380Z [INFO]: Connected to the database
2023-10-01T07:17:10.811Z [INFO]: Server running at port 3000
2023-10-01T07:17:13.630Z [INFO]: Connected to the database
2023-10-01T07:17:35.477Z [INFO]: Server running at port 3000
2023-10-01T07:17:38.407Z [INFO]: Server running at port 3000
2023-10-01T07:17:41.387Z [INFO]: Connected to the database
2023-10-01T07:17:46.179Z [INFO]: Server running at port 3000
2023-10-01T07:17:49.077Z [INFO]: Connected to the database
2023-10-01T07:18:02.785Z [INFO]: Server running at port 3000
2023-10-01T07:18:04.872Z [INFO]: Server running at port 3000
2023-10-01T07:18:07.055Z [INFO]: Server running at port 3000
2023-10-01T07:18:09.859Z [INFO]: Connected to the database
2023-10-01T07:18:11.269Z [INFO]: Server running at port 3000
2023-10-01T07:18:15.088Z [INFO]: Connected to the database
2023-10-01T07:18:21.074Z [INFO]: Incoming POST request to /api/v1/auth/register
2023-10-01T07:18:21.436Z [INFO]: User created successfully
2023-10-01T07:18:21.440Z [INFO]: Request to /api/v1/auth/register took 367.05790001153946ms
2023-10-01T07:19:21.230Z [INFO]: Server running at port 3000
2023-10-01T07:19:24.221Z [INFO]: Connected to the database
2023-10-01T07:19:38.794Z [INFO]: Server running at port 3000
2023-10-01T07:19:41.720Z [INFO]: Connected to the database
2023-10-01T07:19:56.201Z [INFO]: Incoming POST request to /api/v1/auth/register
2023-10-01T07:19:56.569Z [INFO]: User created successfully
2023-10-01T07:19:56.573Z [INFO]: Request to /api/v1/auth/register took 372.85639998316765ms
2023-10-01T07:20:45.700Z [INFO]: Server running at port 3000
2023-10-01T07:20:48.188Z [INFO]: Server running at port 3000
2023-10-01T07:20:52.898Z [INFO]: Server running at port 3000
2023-10-01T07:20:54.203Z [INFO]: Server running at port 3000
2023-10-01T07:20:58.757Z [INFO]: Connected to the database
2023-10-01T07:21:05.205Z [INFO]: Incoming POST request to /api/v1/auth/register
2023-10-01T07:21:05.825Z [INFO]: User created successfully
2023-10-01T07:21:05.845Z [INFO]: Request to /api/v1/auth/register took 639.5423000156879ms
2023-10-01T08:54:29.486Z [INFO]: Server running at port 3000
2023-10-01T09:37:46.582Z [INFO]: Server running at port 3000
2023-10-01T09:37:49.597Z [INFO]: Connected to the database
2023-10-01T09:40:01.371Z [INFO]: Server running at port 3000
2023-10-01T09:40:04.398Z [INFO]: Connected to the database
2023-10-01T09:40:05.726Z [INFO]: Server running at port 3000
2023-10-01T09:40:08.562Z [INFO]: Connected to the database
2023-10-01T09:40:11.501Z [INFO]: Server running at port 3000
2023-10-01T09:40:13.342Z [INFO]: Server running at port 3000
2023-10-01T09:40:16.336Z [INFO]: Connected to the database
2023-10-01T09:40:22.140Z [INFO]: Server running at port 3000
2023-10-01T09:40:25.019Z [INFO]: Connected to the database
2023-10-01T09:40:59.906Z [INFO]: Incoming GET request to /api/v1/video/call?roomName=VehliJanta
2023-10-01T09:41:00.864Z [ERROR]: Error: TypeError: Cannot read properties of null (reading 'isOpen')
2023-10-01T09:43:05.675Z [INFO]: Server running at port 3000
2023-10-01T09:43:06.943Z [INFO]: Server running at port 3000
2023-10-01T09:43:10.164Z [INFO]: Connected to the database
2023-10-01T09:43:13.303Z [INFO]: Incoming GET request to /api/v1/video/call?roomName=VehliJanta
2023-10-01T09:43:14.412Z [INFO]: Request to /api/v1/video/call?roomName=VehliJanta took 1112.6689999997616ms
2023-10-01T09:43:14.415Z [INFO]: Incoming GET request to /api/v1/video/call?roomName=VehliJanta
2023-10-01T09:43:15.248Z [INFO]: Request to /api/v1/video/call?roomName=VehliJanta took 833.0166999995708ms
2023-10-01T09:43:42.462Z [INFO]: Server running at port 3000
2023-10-01T09:43:44.183Z [INFO]: Server running at port 3000
2023-10-01T09:43:45.988Z [INFO]: Server running at port 3000
2023-10-01T09:43:47.432Z [INFO]: Server running at port 3000
2023-10-01T09:43:50.529Z [INFO]: Connected to the database
2023-10-01T09:43:53.495Z [INFO]: Incoming GET request to /api/v1/video/call?roomName=VehliJanta
2023-10-01T09:43:54.465Z [INFO]: Request to /api/v1/video/call?roomName=VehliJanta took 969.9477999806404ms
2023-10-01T09:43:54.467Z [INFO]: Incoming GET request to /api/v1/video/call?roomName=VehliJanta
2023-10-01T09:43:55.353Z [INFO]: Request to /api/v1/video/call?roomName=VehliJanta took 886.5739000141621ms
2023-10-01T09:45:36.310Z [INFO]: Server running at port 3000
2023-10-01T09:45:36.425Z [INFO]: Incoming GET request to /api/v1/video/call?roomName=VehliJanta
2023-10-01T09:45:40.209Z [INFO]: Connected to the database
2023-10-01T09:45:42.897Z [INFO]: Request to /api/v1/video/call?roomName=VehliJanta took 6473.113700002432ms
2023-10-01T09:45:42.900Z [INFO]: Incoming GET request to /api/v1/video/call?roomName=VehliJanta
2023-10-01T09:45:43.797Z [INFO]: Request to /api/v1/video/call?roomName=VehliJanta took 896.8299999833107ms
2023-10-01T09:47:17.964Z [INFO]: Incoming GET request to /api/v1/video/call?roomName=VehliJanta
2023-10-01T09:47:18.809Z [INFO]: Request to /api/v1/video/call?roomName=VehliJanta took 845.492300003767ms
2023-10-01T09:47:18.811Z [INFO]: Incoming GET request to /api/v1/video/call?roomName=VehliJanta
2023-10-01T09:47:19.677Z [INFO]: Request to /api/v1/video/call?roomName=VehliJanta took 866.4441999793053ms
2023-10-01T09:47:49.241Z [INFO]: Incoming GET request to /api/v1/video/call?roomName=VehliJanta
2023-10-01T09:47:50.119Z [INFO]: Request to /api/v1/video/call?roomName=VehliJanta took 877.4461999833584ms
2023-10-01T09:47:50.120Z [INFO]: Incoming GET request to /api/v1/video/call?roomName=VehliJanta
2023-10-01T09:47:50.966Z [INFO]: Request to /api/v1/video/call?roomName=VehliJanta took 846.1764000058174ms
2023-10-01T09:48:11.726Z [INFO]: Incoming GET request to /api/v1/video/call?roomName=VehliJanta
2023-10-01T09:48:12.636Z [INFO]: Request to /api/v1/video/call?roomName=VehliJanta took 910.8865000009537ms
2023-10-01T09:48:12.659Z [INFO]: Incoming GET request to /api/v1/video/call?roomName=VehliJanta
2023-10-01T09:48:13.560Z [INFO]: Request to /api/v1/video/call?roomName=VehliJanta took 901.5726000070572ms
2023-10-01T09:48:13.563Z [INFO]: Incoming GET request to /api/v1/video/call?roomName=VehliJanta
2023-10-01T09:48:14.399Z [INFO]: Request to /api/v1/video/call?roomName=VehliJanta took 836.0283000171185ms
2023-10-01T09:48:17.672Z [INFO]: Incoming GET request to /api/v1/video/call?roomName=VehliJanta
2023-10-01T09:48:18.531Z [INFO]: Request to /api/v1/video/call?roomName=VehliJanta took 858.5751999914646ms
2023-10-01T09:48:18.816Z [INFO]: Incoming GET request to /api/v1/video/call?roomName=VehliJanta
2023-10-01T09:48:19.654Z [INFO]: Request to /api/v1/video/call?roomName=VehliJanta took 837.3781000077724ms
2023-10-01T09:48:19.674Z [INFO]: Incoming GET request to /api/v1/video/call?roomName=VehliJanta
2023-10-01T09:48:20.615Z [INFO]: Request to /api/v1/video/call?roomName=VehliJanta took 942.7809999883175ms
2023-10-01T09:48:23.538Z [INFO]: Incoming GET request to /api/v1/video/call?roomName=VehliJanta
2023-10-01T09:48:24.396Z [INFO]: Request to /api/v1/video/call?roomName=VehliJanta took 857.6525000035763ms
2023-10-01T09:48:24.679Z [INFO]: Incoming GET request to /api/v1/video/call?roomName=VehliJanta
2023-10-01T09:48:25.522Z [INFO]: Request to /api/v1/video/call?roomName=VehliJanta took 842.8768000006676ms
2023-10-01T09:48:25.714Z [INFO]: Incoming GET request to /api/v1/video/call?roomName=VehliJanta
2023-10-01T09:48:26.561Z [INFO]: Request to /api/v1/video/call?roomName=VehliJanta took 847.1278000175953ms
2023-10-01T09:48:29.781Z [INFO]: Incoming GET request to /api/v1/video/call?roomName=VehliJanta
2023-10-01T09:48:30.613Z [INFO]: Request to /api/v1/video/call?roomName=VehliJanta took 832.7024999856949ms
2023-10-01T09:48:30.771Z [INFO]: Incoming GET request to /api/v1/video/call?roomName=VehliJanta
2023-10-01T09:48:31.656Z [INFO]: Request to /api/v1/video/call?roomName=VehliJanta took 885.2882000207901ms
2023-10-01T09:48:31.774Z [INFO]: Incoming GET request to /api/v1/video/call?roomName=VehliJanta
2023-10-01T09:48:32.610Z [INFO]: Request to /api/v1/video/call?roomName=VehliJanta took 836.3835999965668ms
2023-10-01T09:48:35.784Z [INFO]: Incoming GET request to /api/v1/video/call?roomName=VehliJanta
2023-10-01T09:48:36.644Z [INFO]: Request to /api/v1/video/call?roomName=VehliJanta took 860.2233000099659ms
2023-10-01T09:48:36.778Z [INFO]: Incoming GET request to /api/v1/video/call?roomName=VehliJanta
2023-10-01T09:48:37.620Z [INFO]: Request to /api/v1/video/call?roomName=VehliJanta took 842.7730000019073ms
2023-10-01T09:48:37.776Z [INFO]: Incoming GET request to /api/v1/video/call?roomName=VehliJanta
2023-10-01T09:48:38.616Z [INFO]: Request to /api/v1/video/call?roomName=VehliJanta took 839.7994999885559ms
2023-10-01T09:48:41.772Z [INFO]: Incoming GET request to /api/v1/video/call?roomName=VehliJanta
2023-10-01T09:48:42.608Z [INFO]: Request to /api/v1/video/call?roomName=VehliJanta took 835.3242000043392ms
2023-10-01T09:48:42.784Z [INFO]: Incoming GET request to /api/v1/video/call?roomName=VehliJanta
2023-10-01T09:48:43.657Z [INFO]: Request to /api/v1/video/call?roomName=VehliJanta took 873.0333999991417ms
2023-10-01T09:48:43.785Z [INFO]: Incoming GET request to /api/v1/video/call?roomName=VehliJanta
2023-10-01T09:48:44.616Z [INFO]: Request to /api/v1/video/call?roomName=VehliJanta took 830.6711000204086ms
2023-10-01T09:48:47.783Z [INFO]: Incoming GET request to /api/v1/video/call?roomName=VehliJanta
2023-10-01T09:48:48.697Z [INFO]: Request to /api/v1/video/call?roomName=VehliJanta took 913.8837000131607ms
2023-10-01T09:48:48.772Z [INFO]: Incoming GET request to /api/v1/video/call?roomName=VehliJanta
2023-10-01T09:48:49.680Z [INFO]: Request to /api/v1/video/call?roomName=VehliJanta took 907.2245999872684ms
2023-10-01T09:48:49.799Z [INFO]: Incoming GET request to /api/v1/video/call?roomName=VehliJanta
2023-10-01T09:48:50.757Z [INFO]: Request to /api/v1/video/call?roomName=VehliJanta took 958.0329999923706ms
