2023-09-30T18:13:55.398Z [ERROR]: An error occurred while creating the user E11000 duplicate key error collection: stealthDb.sellers index: phone_1 dup key: { phone: "9331111321" }
2023-09-30T18:13:55.399Z [ERROR]: Error: An error occurred while creating the user E11000 duplicate key error collection: stealthDb.sellers index: phone_1 dup key: { phone: "9331111321" }
2023-09-30T18:16:19.051Z [ERROR]: An error occurred while creating the user E11000 duplicate key error collection: stealthDb.sellers index: phone_1 dup key: { phone: "9311111321" }
2023-09-30T18:16:19.052Z [ERROR]: Error: An error occurred while creating the user E11000 duplicate key error collection: stealthDb.sellers index: phone_1 dup key: { phone: "9311111321" }
2023-10-01T07:03:51.573Z [ERROR]: An error occurred while creating the user E11000 duplicate key error collection: stealthDb.sellers index: phone_1 dup key: { phone: "1211111121" }
2023-10-01T07:03:51.574Z [ERROR]: Error: An error occurred while creating the user E11000 duplicate key error collection: stealthDb.sellers index: phone_1 dup key: { phone: "1211111121" }
2023-10-01T07:06:51.636Z [ERROR]: An error occurred while creating the user E11000 duplicate key error collection: stealthDb.sellers index: phone_1 dup key: { phone: "1211113121" }
2023-10-01T07:06:51.637Z [ERROR]: Error: An error occurred while creating the user E11000 duplicate key error collection: stealthDb.sellers index: phone_1 dup key: { phone: "1211113121" }
2023-10-01T09:41:00.864Z [ERROR]: Error: TypeError: Cannot read properties of null (reading 'isOpen')
2023-10-01T19:54:26.674Z [ERROR]: Error connecting to the database: Could not connect to any servers in your MongoDB Atlas cluster. One common reason is that you're trying to access the database from an IP that isn't whitelisted. Make sure your current IP address is on your Atlas cluster's IP whitelist: https://www.mongodb.com/docs/atlas/security-whitelist/
2023-10-01T19:54:38.931Z [ERROR]: Error: MongooseError: Operation `calls.findOne()` buffering timed out after 10000ms
2023-10-01T19:56:08.174Z [ERROR]: Error: TypeError: seller.calls.add is not a function
2023-10-03T16:25:26.337Z [ERROR]: Error: MongoServerSelectionError: getaddrinfo ENOTFOUND ac-gkfubtg-shard-00-00.ax3mell.mongodb.net
2023-10-03T16:25:53.380Z [ERROR]: Error connecting to the database: connection 1 to 34.195.225.62:27017 closed
2023-10-03T16:26:04.100Z [ERROR]: Error: MongooseError: Operation `calls.findOne()` buffering timed out after 10000ms
2023-10-03T17:15:42.316Z [ERROR]: Error connecting to the database: querySrv ECONNREFUSED _mongodb._tcp.cluster0.ax3mell.mongodb.net
2023-10-03T17:15:46.508Z [ERROR]: Error connecting to the database: querySrv ECONNREFUSED _mongodb._tcp.cluster0.ax3mell.mongodb.net
2023-10-03T17:15:49.511Z [ERROR]: Error connecting to the database: querySrv ECONNREFUSED _mongodb._tcp.cluster0.ax3mell.mongodb.net
2023-10-03T17:15:52.136Z [ERROR]: Error connecting to the database: querySrv ECONNREFUSED _mongodb._tcp.cluster0.ax3mell.mongodb.net
2023-10-03T17:23:34.812Z [ERROR]: Error: MongooseError: Operation `calls.findOne()` buffering timed out after 10000ms
